0 info it worked if it ends with ok
1 verbose cli [ '/usr/bin/node', '/usr/bin/npm', 'publish', '--acess=public' ]
2 info using npm@3.5.2
3 info using node@v8.10.0
4 verbose publish [ '.' ]
5 silly cache add args [ '.', null ]
6 verbose cache add spec .
7 silly cache add parsed spec Result {
7 silly cache add   raw: '.',
7 silly cache add   scope: null,
7 silly cache add   name: null,
7 silly cache add   rawSpec: '.',
7 silly cache add   spec: '/mnt/c/Users/AlfredoFlores/Documents/Curso JS 2019/curso_profesional_javascript_2019/npm_javascript2019/mediaplayer',
7 silly cache add   type: 'directory' }
8 verbose addLocalDirectory /home/aflores/.npm/@alfredo15/platzimediaplayer2019/1.0.0/package.tgz not in flight; packing
9 info lifecycle @alfredo15/platzimediaplayer2019@1.0.0~prepublish: @alfredo15/platzimediaplayer2019@1.0.0
10 silly lifecycle @alfredo15/platzimediaplayer2019@1.0.0~prepublish: no script for prepublish, continuing
11 verbose tar pack [ '/home/aflores/.npm/@alfredo15/platzimediaplayer2019/1.0.0/package.tgz',
11 verbose tar pack   '/mnt/c/Users/AlfredoFlores/Documents/Curso JS 2019/curso_profesional_javascript_2019/npm_javascript2019/mediaplayer' ]
12 verbose tarball /home/aflores/.npm/@alfredo15/platzimediaplayer2019/1.0.0/package.tgz
13 verbose folder /mnt/c/Users/AlfredoFlores/Documents/Curso JS 2019/curso_profesional_javascript_2019/npm_javascript2019/mediaplayer
14 verbose addLocalTarball adding from inside cache /home/aflores/.npm/@alfredo15/platzimediaplayer2019/1.0.0/package.tgz
15 silly cache afterAdd @alfredo15/platzimediaplayer2019@1.0.0
16 verbose afterAdd /home/aflores/.npm/@alfredo15/platzimediaplayer2019/1.0.0/package/package.json not in flight; writing
17 verbose afterAdd /home/aflores/.npm/@alfredo15/platzimediaplayer2019/1.0.0/package/package.json written
18 silly publish { name: '@alfredo15/platzimediaplayer2019',
18 silly publish   version: '1.0.0',
18 silly publish   main: 'lib/MediaPlayer.js',
18 silly publish   scripts:
18 silly publish    { build: 'tsc src/**/*.ts src/plugins/*.ts src/plugins/**/*.ts -outDir lib',
18 silly publish      test: 'echo "Error: no test specified" && exit 1' },
18 silly publish   keywords: [],
18 silly publish   author: '',
18 silly publish   license: 'ISC',
18 silly publish   devDependencies: { typescript: '^3.6.3' },
18 silly publish   readme: 'ERROR: No README data found!',
18 silly publish   _id: '@alfredo15/platzimediaplayer2019@1.0.0',
18 silly publish   _shasum: '72fccd35e9f8d4372f932d47049b4aa2107f3bcf',
18 silly publish   _from: '.' }
19 verbose getPublishConfig undefined
20 silly mapToRegistry name @alfredo15/platzimediaplayer2019
21 silly mapToRegistry scope (from package name) @alfredo15
22 verbose mapToRegistry no registry URL found in name for scope @alfredo15
23 silly mapToRegistry using default registry
24 silly mapToRegistry registry https://registry.npmjs.org/
25 silly mapToRegistry uri https://registry.npmjs.org/@alfredo15%2fplatzimediaplayer2019
26 verbose publish registryBase https://registry.npmjs.org/
27 silly publish uploading /home/aflores/.npm/@alfredo15/platzimediaplayer2019/1.0.0/package.tgz
28 verbose request uri https://registry.npmjs.org/@alfredo15%2fplatzimediaplayer2019
29 verbose request sending authorization for write operation
30 info attempt registry request try #1 at 11:38:34 PM
31 verbose request using bearer token for auth
32 verbose request id 590e13cacd728199
33 http request PUT https://registry.npmjs.org/@alfredo15%2fplatzimediaplayer2019
34 http 402 https://registry.npmjs.org/@alfredo15%2fplatzimediaplayer2019
35 verbose headers { date: 'Sat, 28 Sep 2019 04:38:38 GMT',
35 verbose headers   'content-type': 'application/json',
35 verbose headers   'content-length': '49',
35 verbose headers   connection: 'keep-alive',
35 verbose headers   'set-cookie':
35 verbose headers    [ '__cfduid=de961be73f4a0c4ec1ca24c69600b51311569645518; expires=Sun, 27-Sep-20 04:38:38 GMT; path=/; domain=.npmjs.org; HttpOnly' ],
35 verbose headers   'cf-ray': '51d307678f1ad0a8-QRO',
35 verbose headers   'expect-ct': 'max-age=604800, report-uri="https://report-uri.cloudflare.com/cdn-cgi/beacon/expect-ct"',
35 verbose headers   vary: 'Accept-Encoding',
35 verbose headers   server: 'cloudflare' }
36 verbose request invalidating /home/aflores/.npm/registry.npmjs.org/_40alfredo15_252fplatzimediaplayer2019 on PUT
37 error publish Failed PUT 402
38 verbose stack Error: You must sign up for private packages : @alfredo15/platzimediaplayer2019
38 verbose stack     at makeError (/usr/share/npm/node_modules/npm-registry-client/lib/request.js:264:12)
38 verbose stack     at CachingRegistryClient.<anonymous> (/usr/share/npm/node_modules/npm-registry-client/lib/request.js:252:14)
38 verbose stack     at Request._callback (/usr/share/npm/node_modules/npm-registry-client/lib/request.js:172:14)
38 verbose stack     at Request.self.callback (/usr/share/npm/node_modules/request/request.js:198:22)
38 verbose stack     at emitTwo (events.js:126:13)
38 verbose stack     at Request.emit (events.js:214:7)
38 verbose stack     at Request.<anonymous> (/usr/share/npm/node_modules/request/request.js:1082:10)
38 verbose stack     at emitOne (events.js:121:20)
38 verbose stack     at Request.emit (events.js:211:7)
38 verbose stack     at IncomingMessage.<anonymous> (/usr/share/npm/node_modules/request/request.js:1009:12)
39 verbose statusCode 402
40 verbose pkgid @alfredo15/platzimediaplayer2019
41 verbose cwd /mnt/c/Users/AlfredoFlores/Documents/Curso JS 2019/curso_profesional_javascript_2019/npm_javascript2019/mediaplayer
42 error Linux 4.4.0-18362-Microsoft
43 error argv "/usr/bin/node" "/usr/bin/npm" "publish" "--acess=public"
44 error node v8.10.0
45 error npm  v3.5.2
46 error code E402
47 error You must sign up for private packages : @alfredo15/platzimediaplayer2019
48 error If you need help, you may report this error at:
48 error     <https://github.com/npm/npm/issues>
49 verbose exit [ 1, true ]
